[WARN ] 2018-09-26 23:43:25 [main] app, 302 - Старт App.show
[DEBUG] 2018-09-26 23:43:25 [main] app, 303 - Создание окна приложения
[DEBUG] 2018-09-26 23:43:26 [main] app, 309 - Создание кнопок и прикрепление иконок
[DEBUG] 2018-09-26 23:43:26 [main] app, 325 - Добавление кнопок на панель инструментов
[DEBUG] 2018-09-26 23:43:26 [main] app, 334 - Размещение панели инструментов
[DEBUG] 2018-09-26 23:43:26 [main] app, 338 - Создание таблицы с данными
[DEBUG] 2018-09-26 23:43:26 [main] app, 368 - Подготовка компонентов поиска
[WARN ] 2018-09-26 23:43:51 [AWT-EventQueue-0] app, 532 - Старт Folder listener
[DEBUG] 2018-09-26 23:43:55 [AWT-EventQueue-0] app, 462 - Старт Edit listener
[INFO ] 2018-09-26 23:43:55 [AWT-EventQueue-0] app, 465 - Ожидание завершения 1 потока
[DEBUG] 2018-09-26 23:44:01 [Thread-4] EditDialog, 35 - Старт метода Init
[DEBUG] 2018-09-26 23:44:20 [AWT-EventQueue-0] app, 394 - Старт Add listener
[DEBUG] 2018-09-26 23:44:20 [AWT-EventQueue-0] AddDialog, 28 - Старт метода init
[DEBUG] 2018-09-26 23:45:02 [AWT-EventQueue-0] AddDialog, 17 - Старт метода progress
[WARN ] 2018-09-26 23:45:02 [AWT-EventQueue-0] AddDialog, 20 - Попытка добавить запись  Окружнов Андрей Связь с общественностью
[INFO ] 2018-09-26 23:45:02 [AWT-EventQueue-0] AddDialog, 22 - Добавлена запись  Окружнов Андрей Связь с общественностью
[DEBUG] 2018-09-26 23:45:03 [AWT-EventQueue-0] app, 560 - Сброс ключевого слова поиска
[DEBUG] 2018-09-26 23:45:39 [AWT-EventQueue-0] app, 394 - Старт Add listener
[DEBUG] 2018-09-26 23:45:39 [AWT-EventQueue-0] AddDialog, 28 - Старт метода init
[DEBUG] 2018-09-26 23:46:31 [AWT-EventQueue-0] AddDialog, 17 - Старт метода progress
[WARN ] 2018-09-26 23:46:31 [AWT-EventQueue-0] AddDialog, 20 - Попытка добавить запись  Аладышева Анна Товаровед
[INFO ] 2018-09-26 23:46:31 [AWT-EventQueue-0] AddDialog, 22 - Добавлена запись  Аладышева Анна Товаровед
[DEBUG] 2018-09-26 23:46:32 [AWT-EventQueue-0] app, 560 - Сброс ключевого слова поиска
[DEBUG] 2018-09-26 23:46:34 [AWT-EventQueue-0] app, 394 - Старт Add listener
[DEBUG] 2018-09-26 23:46:34 [AWT-EventQueue-0] AddDialog, 28 - Старт метода init
[DEBUG] 2018-09-26 23:46:52 [AWT-EventQueue-0] AddDialog, 17 - Старт метода progress
[WARN ] 2018-09-26 23:46:52 [AWT-EventQueue-0] AddDialog, 20 - Попытка добавить запись  Михайлов Александр Охранник
[INFO ] 2018-09-26 23:46:52 [AWT-EventQueue-0] AddDialog, 22 - Добавлена запись  Михайлов Александр Охранник
[DEBUG] 2018-09-26 23:46:53 [AWT-EventQueue-0] app, 560 - Сброс ключевого слова поиска
[DEBUG] 2018-09-26 23:46:57 [AWT-EventQueue-0] app, 394 - Старт Add listener
[DEBUG] 2018-09-26 23:46:57 [AWT-EventQueue-0] AddDialog, 28 - Старт метода init
[DEBUG] 2018-09-26 23:47:13 [AWT-EventQueue-0] AddDialog, 17 - Старт метода progress
[WARN ] 2018-09-26 23:47:13 [AWT-EventQueue-0] AddDialog, 20 - Попытка добавить запись  Гребенщиков Михаил Охранник
[INFO ] 2018-09-26 23:47:13 [AWT-EventQueue-0] AddDialog, 22 - Добавлена запись  Гребенщиков Михаил Охранник
[DEBUG] 2018-09-26 23:47:13 [AWT-EventQueue-0] app, 560 - Сброс ключевого слова поиска
[DEBUG] 2018-09-26 23:47:17 [AWT-EventQueue-0] app, 462 - Старт Edit listener
[DEBUG] 2018-09-26 23:47:17 [Thread-5] EditDialog, 35 - Старт метода Init
[DEBUG] 2018-09-26 23:47:30 [AWT-EventQueue-0] EditDialog, 15 - Старт метода progress
[WARN ] 2018-09-26 23:47:30 [AWT-EventQueue-0] EditDialog, 18 - Попытка изменить запись Зимаков Николай Операционист
[INFO ] 2018-09-26 23:47:30 [AWT-EventQueue-0] EditDialog, 22 - Заменена на Зимаков Николай Юрист
[DEBUG] 2018-09-26 23:47:30 [AWT-EventQueue-0] app, 560 - Сброс ключевого слова поиска
[DEBUG] 2018-09-26 23:47:33 [AWT-EventQueue-0] app, 499 - Старт Save listener
[WARN ] 2018-09-26 23:47:51 [AWT-EventQueue-0] app, 431 - Закрытие приложения
[WARN ] 2018-09-27 00:01:45 [main] app, 302 - Старт App.show
[DEBUG] 2018-09-27 00:01:45 [main] app, 303 - Создание окна приложения
[DEBUG] 2018-09-27 00:01:47 [main] app, 309 - Создание кнопок и прикрепление иконок
[DEBUG] 2018-09-27 00:01:47 [main] app, 325 - Добавление кнопок на панель инструментов
[DEBUG] 2018-09-27 00:01:47 [main] app, 334 - Размещение панели инструментов
[DEBUG] 2018-09-27 00:01:47 [main] app, 338 - Создание таблицы с данными
[DEBUG] 2018-09-27 00:01:47 [main] app, 368 - Подготовка компонентов поиска
[WARN ] 2018-09-27 00:01:56 [main] app, 302 - Старт App.show
[DEBUG] 2018-09-27 00:01:56 [main] app, 303 - Создание окна приложения
[DEBUG] 2018-09-27 00:01:57 [main] app, 309 - Создание кнопок и прикрепление иконок
[DEBUG] 2018-09-27 00:01:57 [main] app, 325 - Добавление кнопок на панель инструментов
[DEBUG] 2018-09-27 00:01:57 [main] app, 334 - Размещение панели инструментов
[DEBUG] 2018-09-27 00:01:57 [main] app, 338 - Создание таблицы с данными
[DEBUG] 2018-09-27 00:01:57 [main] app, 368 - Подготовка компонентов поиска
[WARN ] 2018-09-27 00:02:04 [AWT-EventQueue-0] app, 431 - Закрытие приложения
[WARN ] 2018-09-27 00:02:07 [AWT-EventQueue-0] app, 532 - Старт Folder listener
[DEBUG] 2018-09-27 00:02:19 [AWT-EventQueue-0] app, 401 - Старт Delete listener
[DEBUG] 2018-09-27 00:02:20 [AWT-EventQueue-0] app, 560 - Сброс ключевого слова поиска
[DEBUG] 2018-09-27 00:02:22 [AWT-EventQueue-0] app, 560 - Сброс ключевого слова поиска
[DEBUG] 2018-09-27 00:02:25 [AWT-EventQueue-0] app, 462 - Старт Edit listener
[DEBUG] 2018-09-27 00:02:25 [Thread-4] EditDialog, 35 - Старт метода Init
[DEBUG] 2018-09-27 00:02:33 [AWT-EventQueue-0] app, 394 - Старт Add listener
[DEBUG] 2018-09-27 00:02:33 [AWT-EventQueue-0] AddDialog, 28 - Старт метода init
[WARN ] 2018-09-27 00:29:25 [main] employs, 302 - Старт App.show
[DEBUG] 2018-09-27 00:29:25 [main] employs, 303 - Создание окна приложения
[DEBUG] 2018-09-27 00:29:26 [main] employs, 309 - Создание кнопок и прикрепление иконок
[DEBUG] 2018-09-27 00:29:26 [main] employs, 325 - Добавление кнопок на панель инструментов
[DEBUG] 2018-09-27 00:29:26 [main] employs, 334 - Размещение панели инструментов
[DEBUG] 2018-09-27 00:29:26 [main] employs, 338 - Создание таблицы с данными
[DEBUG] 2018-09-27 00:29:26 [main] employs, 368 - Подготовка компонентов поиска
[WARN ] 2018-09-27 00:29:34 [AWT-EventQueue-0] employs, 431 - Закрытие приложения
[WARN ] 2018-09-27 00:59:37 [AWT-EventQueue-0] employs, 305 - Старт App.show
[DEBUG] 2018-09-27 00:59:37 [AWT-EventQueue-0] employs, 306 - Создание окна приложения
[DEBUG] 2018-09-27 00:59:37 [AWT-EventQueue-0] employs, 312 - Создание кнопок и прикрепление иконок
[DEBUG] 2018-09-27 00:59:37 [AWT-EventQueue-0] employs, 328 - Добавление кнопок на панель инструментов
[DEBUG] 2018-09-27 00:59:37 [AWT-EventQueue-0] employs, 337 - Размещение панели инструментов
[DEBUG] 2018-09-27 00:59:37 [AWT-EventQueue-0] employs, 341 - Создание таблицы с данными
[DEBUG] 2018-09-27 00:59:37 [AWT-EventQueue-0] employs, 371 - Подготовка компонентов поиска
[WARN ] 2018-09-27 01:01:54 [AWT-EventQueue-0] employs, 305 - Старт App.show
[DEBUG] 2018-09-27 01:01:54 [AWT-EventQueue-0] employs, 306 - Создание окна приложения
[DEBUG] 2018-09-27 01:01:54 [AWT-EventQueue-0] employs, 312 - Создание кнопок и прикрепление иконок
[DEBUG] 2018-09-27 01:01:54 [AWT-EventQueue-0] employs, 328 - Добавление кнопок на панель инструментов
[DEBUG] 2018-09-27 01:01:54 [AWT-EventQueue-0] employs, 337 - Размещение панели инструментов
[DEBUG] 2018-09-27 01:01:54 [AWT-EventQueue-0] employs, 341 - Создание таблицы с данными
[DEBUG] 2018-09-27 01:01:54 [AWT-EventQueue-0] employs, 371 - Подготовка компонентов поиска
[WARN ] 2018-09-27 01:01:56 [AWT-EventQueue-0] employs, 434 - Закрытие приложения
[WARN ] 2018-09-27 01:02:10 [AWT-EventQueue-0] employs, 305 - Старт App.show
[DEBUG] 2018-09-27 01:02:10 [AWT-EventQueue-0] employs, 306 - Создание окна приложения
[DEBUG] 2018-09-27 01:02:10 [AWT-EventQueue-0] employs, 312 - Создание кнопок и прикрепление иконок
[DEBUG] 2018-09-27 01:02:10 [AWT-EventQueue-0] employs, 328 - Добавление кнопок на панель инструментов
[DEBUG] 2018-09-27 01:02:10 [AWT-EventQueue-0] employs, 337 - Размещение панели инструментов
[DEBUG] 2018-09-27 01:02:10 [AWT-EventQueue-0] employs, 341 - Создание таблицы с данными
[DEBUG] 2018-09-27 01:02:10 [AWT-EventQueue-0] employs, 371 - Подготовка компонентов поиска
[WARN ] 2018-09-27 01:02:22 [AWT-EventQueue-0] employs, 434 - Закрытие приложения
[WARN ] 2018-09-29 18:44:36 [AWT-EventQueue-0] employs, 305 - Старт App.show
[DEBUG] 2018-09-29 18:44:36 [AWT-EventQueue-0] employs, 306 - Создание окна приложения
[DEBUG] 2018-09-29 18:44:36 [AWT-EventQueue-0] employs, 312 - Создание кнопок и прикрепление иконок
[DEBUG] 2018-09-29 18:44:36 [AWT-EventQueue-0] employs, 328 - Добавление кнопок на панель инструментов
[DEBUG] 2018-09-29 18:44:36 [AWT-EventQueue-0] employs, 337 - Размещение панели инструментов
[DEBUG] 2018-09-29 18:44:36 [AWT-EventQueue-0] employs, 341 - Создание таблицы с данными
[DEBUG] 2018-09-29 18:44:36 [AWT-EventQueue-0] employs, 371 - Подготовка компонентов поиска
[DEBUG] 2018-09-29 18:44:36 [AWT-EventQueue-0] employs, 396 - Старт Add listener
[WARN ] 2018-09-29 18:44:44 [AWT-EventQueue-0] employs, 434 - Закрытие приложения
[WARN ] 2018-09-29 19:05:45 [AWT-EventQueue-0] employs, 305 - Старт App.show
[DEBUG] 2018-09-29 19:05:45 [AWT-EventQueue-0] employs, 306 - Создание окна приложения
[DEBUG] 2018-09-29 19:05:45 [AWT-EventQueue-0] employs, 312 - Создание кнопок и прикрепление иконок
[DEBUG] 2018-09-29 19:05:45 [AWT-EventQueue-0] employs, 328 - Добавление кнопок на панель инструментов
[DEBUG] 2018-09-29 19:05:45 [AWT-EventQueue-0] employs, 337 - Размещение панели инструментов
[DEBUG] 2018-09-29 19:05:45 [AWT-EventQueue-0] employs, 341 - Создание таблицы с данными
[DEBUG] 2018-09-29 19:05:45 [AWT-EventQueue-0] employs, 371 - Подготовка компонентов поиска
[DEBUG] 2018-09-29 19:05:45 [AWT-EventQueue-0] employs, 396 - Старт Add listener
[DEBUG] 2018-09-29 19:06:02 [AWT-EventQueue-0] AddDialog, 28 - Старт метода init
[WARN ] 2018-09-29 19:06:14 [AWT-EventQueue-0] employs, 535 - Старт Folder listener
[DEBUG] 2018-09-29 19:06:18 [AWT-EventQueue-0] employs, 465 - Старт Edit listener
[INFO ] 2018-09-29 19:06:18 [AWT-EventQueue-0] employs, 468 - Ожидание завершения 1 потока
[DEBUG] 2018-09-29 19:06:27 [Thread-4] EditDialog, 35 - Старт метода Init
[DEBUG] 2018-09-29 19:07:13 [AWT-EventQueue-0] employs, 561 - Запуск нового поиска по ключевому слову: глеб
[DEBUG] 2018-09-29 19:07:15 [AWT-EventQueue-0] employs, 563 - Сброс ключевого слова поиска
[DEBUG] 2018-09-29 19:07:18 [AWT-EventQueue-0] employs, 561 - Запуск нового поиска по ключевому слову: анастасия
[DEBUG] 2018-09-29 19:07:20 [AWT-EventQueue-0] employs, 563 - Сброс ключевого слова поиска
[DEBUG] 2018-09-29 19:07:29 [AWT-EventQueue-0] employs, 561 - Запуск нового поиска по ключевому слову: продавец
[DEBUG] 2018-09-29 19:07:33 [AWT-EventQueue-0] employs, 561 - Запуск нового поиска по ключевому слову: оператор
[DEBUG] 2018-09-29 19:07:37 [AWT-EventQueue-0] employs, 563 - Сброс ключевого слова поиска
[DEBUG] 2018-09-29 19:07:42 [AWT-EventQueue-0] AddDialog, 28 - Старт метода init
[DEBUG] 2018-09-29 19:07:52 [AWT-EventQueue-0] AddDialog, 17 - Старт метода progress
[WARN ] 2018-09-29 19:07:52 [AWT-EventQueue-0] AddDialog, 20 - Попытка добавить запись  Береснева Лидия Продавец
[INFO ] 2018-09-29 19:07:52 [AWT-EventQueue-0] AddDialog, 22 - Добавлена запись  Береснева Лидия Продавец
[DEBUG] 2018-09-29 19:07:53 [AWT-EventQueue-0] employs, 563 - Сброс ключевого слова поиска
[DEBUG] 2018-09-29 19:07:54 [AWT-EventQueue-0] AddDialog, 28 - Старт метода init
[DEBUG] 2018-09-29 19:08:08 [AWT-EventQueue-0] employs, 561 - Запуск нового поиска по ключевому слову: малышев
[DEBUG] 2018-09-29 19:08:09 [AWT-EventQueue-0] employs, 563 - Сброс ключевого слова поиска
[DEBUG] 2018-09-29 19:08:10 [AWT-EventQueue-0] AddDialog, 28 - Старт метода init
[DEBUG] 2018-09-29 19:08:17 [AWT-EventQueue-0] AddDialog, 17 - Старт метода progress
[WARN ] 2018-09-29 19:08:17 [AWT-EventQueue-0] AddDialog, 20 - Попытка добавить запись  Малышев Алексей Продавец
[INFO ] 2018-09-29 19:08:17 [AWT-EventQueue-0] AddDialog, 22 - Добавлена запись  Малышев Алексей Продавец
[DEBUG] 2018-09-29 19:08:17 [AWT-EventQueue-0] employs, 563 - Сброс ключевого слова поиска
[DEBUG] 2018-09-29 19:08:20 [AWT-EventQueue-0] employs, 561 - Запуск нового поиска по ключевому слову: продавец
[DEBUG] 2018-09-29 19:08:23 [AWT-EventQueue-0] employs, 563 - Сброс ключевого слова поиска
[DEBUG] 2018-09-29 19:08:25 [AWT-EventQueue-0] employs, 502 - Старт Save listener
[DEBUG] 2018-09-29 19:08:29 [AWT-EventQueue-0] employs, 465 - Старт Edit listener
[DEBUG] 2018-09-29 19:08:29 [Thread-6] EditDialog, 35 - Старт метода Init
[DEBUG] 2018-09-29 19:08:35 [AWT-EventQueue-0] EditDialog, 15 - Старт метода progress
[WARN ] 2018-09-29 19:08:35 [AWT-EventQueue-0] EditDialog, 18 - Попытка изменить запись Зимаков Николай Юрист
[INFO ] 2018-09-29 19:08:35 [AWT-EventQueue-0] EditDialog, 22 - Заменена на Зимаков Николай Юрист
[DEBUG] 2018-09-29 19:08:44 [AWT-EventQueue-0] employs, 502 - Старт Save listener
[WARN ] 2018-09-29 19:08:53 [AWT-EventQueue-0] employs, 434 - Закрытие приложения
[WARN ] 2018-09-29 19:10:14 [AWT-EventQueue-0] employs, 305 - Старт App.show
[DEBUG] 2018-09-29 19:10:14 [AWT-EventQueue-0] employs, 306 - Создание окна приложения
[DEBUG] 2018-09-29 19:10:14 [AWT-EventQueue-0] employs, 312 - Создание кнопок и прикрепление иконок
[DEBUG] 2018-09-29 19:10:14 [AWT-EventQueue-0] employs, 328 - Добавление кнопок на панель инструментов
[DEBUG] 2018-09-29 19:10:14 [AWT-EventQueue-0] employs, 337 - Размещение панели инструментов
[DEBUG] 2018-09-29 19:10:14 [AWT-EventQueue-0] employs, 341 - Создание таблицы с данными
[DEBUG] 2018-09-29 19:10:14 [AWT-EventQueue-0] employs, 371 - Подготовка компонентов поиска
[DEBUG] 2018-09-29 19:10:14 [AWT-EventQueue-0] employs, 396 - Старт Add listener
[WARN ] 2018-09-29 19:10:16 [AWT-EventQueue-0] employs, 536 - Старт Folder listener
[DEBUG] 2018-09-29 19:10:26 [AWT-EventQueue-0] employs, 465 - Старт Edit listener
[DEBUG] 2018-09-29 19:10:26 [Thread-4] EditDialog, 35 - Старт метода Init
[DEBUG] 2018-09-29 19:10:27 [AWT-EventQueue-0] EditDialog, 15 - Старт метода progress
[WARN ] 2018-09-29 19:10:27 [AWT-EventQueue-0] EditDialog, 18 - Попытка изменить запись Лазарев Сергей Директор
[INFO ] 2018-09-29 19:10:27 [AWT-EventQueue-0] EditDialog, 22 - Заменена на Лазарев Сергей Директор
[DEBUG] 2018-09-29 19:10:35 [AWT-EventQueue-0] employs, 502 - Старт Save listener
[WARN ] 2018-09-29 19:10:46 [AWT-EventQueue-0] employs, 434 - Закрытие приложения
[WARN ] 2018-09-29 19:15:08 [AWT-EventQueue-0] employs, 305 - Старт App.show
[DEBUG] 2018-09-29 19:15:08 [AWT-EventQueue-0] employs, 306 - Создание окна приложения
[DEBUG] 2018-09-29 19:15:08 [AWT-EventQueue-0] employs, 312 - Создание кнопок и прикрепление иконок
[DEBUG] 2018-09-29 19:15:08 [AWT-EventQueue-0] employs, 328 - Добавление кнопок на панель инструментов
[DEBUG] 2018-09-29 19:15:08 [AWT-EventQueue-0] employs, 337 - Размещение панели инструментов
[DEBUG] 2018-09-29 19:15:08 [AWT-EventQueue-0] employs, 341 - Создание таблицы с данными
[DEBUG] 2018-09-29 19:15:08 [AWT-EventQueue-0] employs, 371 - Подготовка компонентов поиска
[DEBUG] 2018-09-29 19:15:08 [AWT-EventQueue-0] employs, 396 - Старт Add listener
[WARN ] 2018-09-29 19:15:11 [AWT-EventQueue-0] employs, 531 - Старт Folder listener
[DEBUG] 2018-09-29 19:15:14 [AWT-EventQueue-0] employs, 465 - Старт Edit listener
[INFO ] 2018-09-29 19:15:14 [AWT-EventQueue-0] employs, 468 - Ожидание завершения 1 потока
[DEBUG] 2018-09-29 19:15:21 [Thread-4] EditDialog, 40 - Старт метода Init
[DEBUG] 2018-09-29 19:15:24 [AWT-EventQueue-0] EditDialog, 15 - Старт метода progress
[WARN ] 2018-09-29 19:15:24 [AWT-EventQueue-0] EditDialog, 18 - Попытка изменить запись Лазарев Сергей Директор
[INFO ] 2018-09-29 19:15:24 [AWT-EventQueue-0] EditDialog, 22 - Заменена на Лазарев Сергей Директор
[DEBUG] 2018-09-29 19:15:29 [AWT-EventQueue-0] employs, 497 - Старт Save listener
[DEBUG] 2018-09-29 19:15:44 [AWT-EventQueue-0] employs, 465 - Старт Edit listener
[DEBUG] 2018-09-29 19:15:45 [Thread-6] EditDialog, 40 - Старт метода Init
[DEBUG] 2018-09-29 19:15:46 [AWT-EventQueue-0] EditDialog, 15 - Старт метода progress
[WARN ] 2018-09-29 19:15:46 [AWT-EventQueue-0] EditDialog, 18 - Попытка изменить запись Лазарев Сергей Директор
[INFO ] 2018-09-29 19:15:46 [AWT-EventQueue-0] EditDialog, 22 - Заменена на Лазарев Сергей Директор
[DEBUG] 2018-09-29 19:15:51 [AWT-EventQueue-0] employs, 497 - Старт Save listener
[WARN ] 2018-09-29 19:15:51 [AWT-EventQueue-0] employs, 531 - Старт Folder listener
[WARN ] 2018-09-29 19:15:56 [AWT-EventQueue-0] employs, 434 - Закрытие приложения
[WARN ] 2018-09-29 19:16:17 [AWT-EventQueue-0] employs, 305 - Старт App.show
[DEBUG] 2018-09-29 19:16:17 [AWT-EventQueue-0] employs, 306 - Создание окна приложения
[DEBUG] 2018-09-29 19:16:17 [AWT-EventQueue-0] employs, 312 - Создание кнопок и прикрепление иконок
[DEBUG] 2018-09-29 19:16:17 [AWT-EventQueue-0] employs, 328 - Добавление кнопок на панель инструментов
[DEBUG] 2018-09-29 19:16:17 [AWT-EventQueue-0] employs, 337 - Размещение панели инструментов
[DEBUG] 2018-09-29 19:16:17 [AWT-EventQueue-0] employs, 341 - Создание таблицы с данными
[DEBUG] 2018-09-29 19:16:17 [AWT-EventQueue-0] employs, 371 - Подготовка компонентов поиска
[DEBUG] 2018-09-29 19:16:17 [AWT-EventQueue-0] employs, 396 - Старт Add listener
[WARN ] 2018-09-29 19:16:18 [AWT-EventQueue-0] employs, 537 - Старт Folder listener
[DEBUG] 2018-09-29 19:16:23 [AWT-EventQueue-0] employs, 465 - Старт Edit listener
[INFO ] 2018-09-29 19:16:23 [AWT-EventQueue-0] employs, 468 - Ожидание завершения 1 потока
[DEBUG] 2018-09-29 19:16:29 [Thread-4] EditDialog, 34 - Старт метода Init
[DEBUG] 2018-09-29 19:16:30 [AWT-EventQueue-0] EditDialog, 15 - Старт метода progress
[WARN ] 2018-09-29 19:16:30 [AWT-EventQueue-0] EditDialog, 18 - Попытка изменить запись Лазарев Сергей Директор
[INFO ] 2018-09-29 19:16:30 [AWT-EventQueue-0] EditDialog, 22 - Заменена на Лазарев Сергей Директор
[DEBUG] 2018-09-29 19:16:32 [AWT-EventQueue-0] employs, 503 - Старт Save listener
[WARN ] 2018-09-29 19:17:09 [AWT-EventQueue-0] employs, 434 - Закрытие приложения
[WARN ] 2018-09-29 19:19:37 [AWT-EventQueue-0] employs, 305 - Старт App.show
[DEBUG] 2018-09-29 19:19:37 [AWT-EventQueue-0] employs, 306 - Создание окна приложения
[DEBUG] 2018-09-29 19:19:37 [AWT-EventQueue-0] employs, 312 - Создание кнопок и прикрепление иконок
[DEBUG] 2018-09-29 19:19:37 [AWT-EventQueue-0] employs, 328 - Добавление кнопок на панель инструментов
[DEBUG] 2018-09-29 19:19:37 [AWT-EventQueue-0] employs, 337 - Размещение панели инструментов
[DEBUG] 2018-09-29 19:19:37 [AWT-EventQueue-0] employs, 341 - Создание таблицы с данными
[DEBUG] 2018-09-29 19:19:37 [AWT-EventQueue-0] employs, 371 - Подготовка компонентов поиска
[DEBUG] 2018-09-29 19:19:37 [AWT-EventQueue-0] employs, 396 - Старт Add listener
[WARN ] 2018-09-29 19:19:43 [AWT-EventQueue-0] employs, 434 - Закрытие приложения
[WARN ] 2018-10-01 22:55:56 [AWT-EventQueue-0] employs, 305 - Старт App.show
[DEBUG] 2018-10-01 22:55:56 [AWT-EventQueue-0] employs, 306 - Создание окна приложения
[DEBUG] 2018-10-01 22:55:56 [AWT-EventQueue-0] employs, 312 - Создание кнопок и прикрепление иконок
[DEBUG] 2018-10-01 22:55:56 [AWT-EventQueue-0] employs, 328 - Добавление кнопок на панель инструментов
[DEBUG] 2018-10-01 22:55:56 [AWT-EventQueue-0] employs, 337 - Размещение панели инструментов
[DEBUG] 2018-10-01 22:55:56 [AWT-EventQueue-0] employs, 341 - Создание таблицы с данными
[DEBUG] 2018-10-01 22:55:56 [AWT-EventQueue-0] employs, 371 - Подготовка компонентов поиска
[DEBUG] 2018-10-01 22:55:56 [AWT-EventQueue-0] employs, 396 - Старт Add listener
[WARN ] 2018-10-01 22:55:58 [AWT-EventQueue-0] employs, 537 - Старт Folder listener
[DEBUG] 2018-10-01 22:56:03 [AWT-EventQueue-0] employs, 465 - Старт Edit listener
[INFO ] 2018-10-01 22:56:03 [AWT-EventQueue-0] employs, 468 - Ожидание завершения 1 потока
[DEBUG] 2018-10-01 22:56:08 [Thread-4] EditDialog, 29 - Старт метода Init
[DEBUG] 2018-10-01 23:04:01 [AWT-EventQueue-0] employs, 565 - Сброс ключевого слова поиска
[WARN ] 2018-10-01 23:04:06 [AWT-EventQueue-0] employs, 434 - Закрытие приложения
[WARN ] 2018-10-02 10:34:29 [AWT-EventQueue-0] employs, 305 - Старт App.show
[DEBUG] 2018-10-02 10:34:29 [AWT-EventQueue-0] employs, 306 - Создание окна приложения
[DEBUG] 2018-10-02 10:34:29 [AWT-EventQueue-0] employs, 312 - Создание кнопок и прикрепление иконок
[DEBUG] 2018-10-02 10:34:29 [AWT-EventQueue-0] employs, 328 - Добавление кнопок на панель инструментов
[DEBUG] 2018-10-02 10:34:29 [AWT-EventQueue-0] employs, 337 - Размещение панели инструментов
[DEBUG] 2018-10-02 10:34:29 [AWT-EventQueue-0] employs, 341 - Создание таблицы с данными
[DEBUG] 2018-10-02 10:34:29 [AWT-EventQueue-0] employs, 371 - Подготовка компонентов поиска
[DEBUG] 2018-10-02 10:34:29 [AWT-EventQueue-0] employs, 396 - Старт Add listener
[WARN ] 2018-10-02 10:34:32 [AWT-EventQueue-0] employs, 537 - Старт Folder listener
[WARN ] 2018-10-02 10:34:36 [AWT-EventQueue-0] employs, 434 - Закрытие приложения
[WARN ] 2018-10-02 10:57:09 [AWT-EventQueue-0] employs, 305 - Старт App.show
[DEBUG] 2018-10-02 10:57:09 [AWT-EventQueue-0] employs, 306 - Создание окна приложения
[DEBUG] 2018-10-02 10:57:09 [AWT-EventQueue-0] employs, 312 - Создание кнопок и прикрепление иконок
[DEBUG] 2018-10-02 10:57:09 [AWT-EventQueue-0] employs, 328 - Добавление кнопок на панель инструментов
[DEBUG] 2018-10-02 10:57:09 [AWT-EventQueue-0] employs, 337 - Размещение панели инструментов
[DEBUG] 2018-10-02 10:57:09 [AWT-EventQueue-0] employs, 341 - Создание таблицы с данными
[DEBUG] 2018-10-02 10:57:09 [AWT-EventQueue-0] employs, 371 - Подготовка компонентов поиска
[DEBUG] 2018-10-02 10:57:10 [AWT-EventQueue-0] employs, 396 - Старт Add listener
[WARN ] 2018-10-02 10:57:11 [AWT-EventQueue-0] employs, 537 - Старт Folder listener
[DEBUG] 2018-10-02 10:57:15 [AWT-EventQueue-0] employs, 465 - Старт Edit listener
[INFO ] 2018-10-02 10:57:15 [AWT-EventQueue-0] employs, 468 - Ожидание завершения 1 потока
[FATAL] 2018-10-02 10:57:19 [AWT-EventQueue-0] employs, 473 - Join doesn't work
[DEBUG] 2018-10-02 10:57:23 [Thread-4] EditDialog, 29 - Старт метода Init
[WARN ] 2018-10-02 10:57:25 [AWT-EventQueue-0] employs, 537 - Старт Folder listener
[DEBUG] 2018-10-02 10:57:29 [AWT-EventQueue-0] employs, 465 - Старт Edit listener
[INFO ] 2018-10-02 10:57:29 [AWT-EventQueue-0] employs, 468 - Ожидание завершения 1 потока
[FATAL] 2018-10-02 10:57:30 [AWT-EventQueue-0] employs, 473 - Join doesn't work
[DEBUG] 2018-10-02 10:57:31 [Thread-6] EditDialog, 29 - Старт метода Init
[WARN ] 2018-10-02 10:57:36 [AWT-EventQueue-0] employs, 434 - Закрытие приложения
[WARN ] 2018-10-02 10:58:43 [AWT-EventQueue-0] employs, 305 - Старт App.show
[DEBUG] 2018-10-02 10:58:43 [AWT-EventQueue-0] employs, 306 - Создание окна приложения
[DEBUG] 2018-10-02 10:58:43 [AWT-EventQueue-0] employs, 312 - Создание кнопок и прикрепление иконок
[DEBUG] 2018-10-02 10:58:43 [AWT-EventQueue-0] employs, 328 - Добавление кнопок на панель инструментов
[DEBUG] 2018-10-02 10:58:43 [AWT-EventQueue-0] employs, 337 - Размещение панели инструментов
[DEBUG] 2018-10-02 10:58:43 [AWT-EventQueue-0] employs, 341 - Создание таблицы с данными
[DEBUG] 2018-10-02 10:58:43 [AWT-EventQueue-0] employs, 371 - Подготовка компонентов поиска
[DEBUG] 2018-10-02 10:58:43 [AWT-EventQueue-0] employs, 396 - Старт Add listener
[DEBUG] 2018-10-02 10:58:46 [AWT-EventQueue-0] AddDialog, 28 - Старт метода init
[DEBUG] 2018-10-02 10:58:52 [AWT-EventQueue-0] AddDialog, 17 - Старт метода progress
[WARN ] 2018-10-02 10:58:52 [AWT-EventQueue-0] AddDialog, 20 - Попытка добавить запись  Лазарев Сергей Олегович
[INFO ] 2018-10-02 10:58:52 [AWT-EventQueue-0] AddDialog, 22 - Добавлена запись  Лазарев Сергей Олегович
[DEBUG] 2018-10-02 10:58:54 [AWT-EventQueue-0] employs, 465 - Старт Edit listener
[DEBUG] 2018-10-02 10:58:56 [Thread-3] EditDialog, 29 - Старт метода Init
[WARN ] 2018-10-02 10:59:05 [AWT-EventQueue-0] employs, 434 - Закрытие приложения
[WARN ] 2018-10-02 12:21:03 [AWT-EventQueue-0] employs, 305 - Старт App.show
[DEBUG] 2018-10-02 12:21:03 [AWT-EventQueue-0] employs, 306 - Создание окна приложения
[DEBUG] 2018-10-02 12:21:03 [AWT-EventQueue-0] employs, 312 - Создание кнопок и прикрепление иконок
[DEBUG] 2018-10-02 12:21:03 [AWT-EventQueue-0] employs, 328 - Добавление кнопок на панель инструментов
[DEBUG] 2018-10-02 12:21:03 [AWT-EventQueue-0] employs, 337 - Размещение панели инструментов
[DEBUG] 2018-10-02 12:21:03 [AWT-EventQueue-0] employs, 341 - Создание таблицы с данными
[DEBUG] 2018-10-02 12:21:03 [AWT-EventQueue-0] employs, 371 - Подготовка компонентов поиска
[DEBUG] 2018-10-02 12:21:03 [AWT-EventQueue-0] employs, 396 - Старт Add listener
[DEBUG] 2018-10-02 12:21:04 [AWT-EventQueue-0] AddDialog, 28 - Старт метода init
[WARN ] 2018-10-02 12:21:07 [AWT-EventQueue-0] employs, 434 - Закрытие приложения
[WARN ] 2018-10-02 12:21:58 [AWT-EventQueue-0] employs, 305 - Старт App.show
[DEBUG] 2018-10-02 12:21:58 [AWT-EventQueue-0] employs, 306 - Создание окна приложения
[DEBUG] 2018-10-02 12:21:58 [AWT-EventQueue-0] employs, 312 - Создание кнопок и прикрепление иконок
[DEBUG] 2018-10-02 12:21:58 [AWT-EventQueue-0] employs, 328 - Добавление кнопок на панель инструментов
[DEBUG] 2018-10-02 12:21:58 [AWT-EventQueue-0] employs, 337 - Размещение панели инструментов
[DEBUG] 2018-10-02 12:21:58 [AWT-EventQueue-0] employs, 341 - Создание таблицы с данными
[DEBUG] 2018-10-02 12:21:58 [AWT-EventQueue-0] employs, 371 - Подготовка компонентов поиска
[DEBUG] 2018-10-02 12:21:58 [AWT-EventQueue-0] employs, 396 - Старт Add listener
[DEBUG] 2018-10-02 12:21:59 [AWT-EventQueue-0] AddDialog, 28 - Старт метода init
[WARN ] 2018-10-02 12:22:01 [AWT-EventQueue-0] employs, 434 - Закрытие приложения
[WARN ] 2018-10-02 12:25:10 [AWT-EventQueue-0] employs, 305 - Старт App.show
[DEBUG] 2018-10-02 12:25:10 [AWT-EventQueue-0] employs, 306 - Создание окна приложения
[DEBUG] 2018-10-02 12:25:10 [AWT-EventQueue-0] employs, 312 - Создание кнопок и прикрепление иконок
[DEBUG] 2018-10-02 12:25:10 [AWT-EventQueue-0] employs, 328 - Добавление кнопок на панель инструментов
[DEBUG] 2018-10-02 12:25:10 [AWT-EventQueue-0] employs, 337 - Размещение панели инструментов
[DEBUG] 2018-10-02 12:25:10 [AWT-EventQueue-0] employs, 341 - Создание таблицы с данными
[DEBUG] 2018-10-02 12:25:10 [AWT-EventQueue-0] employs, 371 - Подготовка компонентов поиска
[DEBUG] 2018-10-02 12:25:10 [AWT-EventQueue-0] employs, 396 - Старт Add listener
[DEBUG] 2018-10-02 12:25:11 [AWT-EventQueue-0] AddDialog, 28 - Старт метода init
[WARN ] 2018-10-02 12:25:31 [AWT-EventQueue-0] employs, 434 - Закрытие приложения
[WARN ] 2018-10-02 12:33:47 [AWT-EventQueue-0] employs, 305 - Старт App.show
[DEBUG] 2018-10-02 12:33:47 [AWT-EventQueue-0] employs, 306 - Создание окна приложения
[DEBUG] 2018-10-02 12:33:47 [AWT-EventQueue-0] employs, 312 - Создание кнопок и прикрепление иконок
[DEBUG] 2018-10-02 12:33:47 [AWT-EventQueue-0] employs, 328 - Добавление кнопок на панель инструментов
[DEBUG] 2018-10-02 12:33:47 [AWT-EventQueue-0] employs, 337 - Размещение панели инструментов
[DEBUG] 2018-10-02 12:33:47 [AWT-EventQueue-0] employs, 341 - Создание таблицы с данными
[DEBUG] 2018-10-02 12:33:47 [AWT-EventQueue-0] employs, 371 - Подготовка компонентов поиска
[DEBUG] 2018-10-02 12:33:47 [AWT-EventQueue-0] employs, 396 - Старт Add listener
[DEBUG] 2018-10-02 12:33:48 [AWT-EventQueue-0] AddDialog, 28 - Старт метода init
[WARN ] 2018-10-02 12:34:19 [AWT-EventQueue-0] employs, 434 - Закрытие приложения
[WARN ] 2018-10-02 12:34:47 [AWT-EventQueue-0] employs, 305 - Старт App.show
[DEBUG] 2018-10-02 12:34:47 [AWT-EventQueue-0] employs, 306 - Создание окна приложения
[DEBUG] 2018-10-02 12:34:47 [AWT-EventQueue-0] employs, 312 - Создание кнопок и прикрепление иконок
[DEBUG] 2018-10-02 12:34:47 [AWT-EventQueue-0] employs, 328 - Добавление кнопок на панель инструментов
[DEBUG] 2018-10-02 12:34:47 [AWT-EventQueue-0] employs, 337 - Размещение панели инструментов
[DEBUG] 2018-10-02 12:34:47 [AWT-EventQueue-0] employs, 341 - Создание таблицы с данными
[DEBUG] 2018-10-02 12:34:47 [AWT-EventQueue-0] employs, 371 - Подготовка компонентов поиска
[DEBUG] 2018-10-02 12:34:47 [AWT-EventQueue-0] employs, 396 - Старт Add listener
[DEBUG] 2018-10-02 12:34:49 [AWT-EventQueue-0] AddDialog, 28 - Старт метода init
[WARN ] 2018-10-02 12:38:54 [AWT-EventQueue-0] employs, 434 - Закрытие приложения
[WARN ] 2018-10-02 12:39:06 [AWT-EventQueue-0] employs, 305 - Старт App.show
[DEBUG] 2018-10-02 12:39:06 [AWT-EventQueue-0] employs, 306 - Создание окна приложения
[DEBUG] 2018-10-02 12:39:06 [AWT-EventQueue-0] employs, 312 - Создание кнопок и прикрепление иконок
[DEBUG] 2018-10-02 12:39:06 [AWT-EventQueue-0] employs, 328 - Добавление кнопок на панель инструментов
[DEBUG] 2018-10-02 12:39:06 [AWT-EventQueue-0] employs, 337 - Размещение панели инструментов
[DEBUG] 2018-10-02 12:39:06 [AWT-EventQueue-0] employs, 341 - Создание таблицы с данными
[DEBUG] 2018-10-02 12:39:06 [AWT-EventQueue-0] employs, 371 - Подготовка компонентов поиска
[DEBUG] 2018-10-02 12:39:06 [AWT-EventQueue-0] employs, 396 - Старт Add listener
[DEBUG] 2018-10-02 12:39:07 [AWT-EventQueue-0] AddDialog, 28 - Старт метода init
[WARN ] 2018-10-02 12:39:28 [AWT-EventQueue-0] employs, 434 - Закрытие приложения
[WARN ] 2018-10-02 12:42:29 [AWT-EventQueue-0] employs, 305 - Старт App.show
[DEBUG] 2018-10-02 12:42:29 [AWT-EventQueue-0] employs, 306 - Создание окна приложения
[DEBUG] 2018-10-02 12:42:29 [AWT-EventQueue-0] employs, 312 - Создание кнопок и прикрепление иконок
[DEBUG] 2018-10-02 12:42:29 [AWT-EventQueue-0] employs, 328 - Добавление кнопок на панель инструментов
[DEBUG] 2018-10-02 12:42:29 [AWT-EventQueue-0] employs, 337 - Размещение панели инструментов
[DEBUG] 2018-10-02 12:42:29 [AWT-EventQueue-0] employs, 341 - Создание таблицы с данными
[DEBUG] 2018-10-02 12:42:29 [AWT-EventQueue-0] employs, 371 - Подготовка компонентов поиска
[DEBUG] 2018-10-02 12:42:29 [AWT-EventQueue-0] employs, 396 - Старт Add listener
[DEBUG] 2018-10-02 12:42:30 [AWT-EventQueue-0] AddDialog, 28 - Старт метода init
[WARN ] 2018-10-02 12:42:45 [AWT-EventQueue-0] employs, 434 - Закрытие приложения
[WARN ] 2018-10-02 12:43:17 [AWT-EventQueue-0] employs, 305 - Старт App.show
[DEBUG] 2018-10-02 12:43:17 [AWT-EventQueue-0] employs, 306 - Создание окна приложения
[DEBUG] 2018-10-02 12:43:17 [AWT-EventQueue-0] employs, 312 - Создание кнопок и прикрепление иконок
[DEBUG] 2018-10-02 12:43:17 [AWT-EventQueue-0] employs, 328 - Добавление кнопок на панель инструментов
[DEBUG] 2018-10-02 12:43:17 [AWT-EventQueue-0] employs, 337 - Размещение панели инструментов
[DEBUG] 2018-10-02 12:43:17 [AWT-EventQueue-0] employs, 341 - Создание таблицы с данными
[DEBUG] 2018-10-02 12:43:17 [AWT-EventQueue-0] employs, 371 - Подготовка компонентов поиска
[DEBUG] 2018-10-02 12:43:17 [AWT-EventQueue-0] employs, 396 - Старт Add listener
[DEBUG] 2018-10-02 12:43:18 [AWT-EventQueue-0] AddDialog, 28 - Старт метода init
[WARN ] 2018-10-02 12:43:43 [AWT-EventQueue-0] employs, 434 - Закрытие приложения
[WARN ] 2018-10-02 12:45:00 [AWT-EventQueue-0] employs, 305 - Старт App.show
[DEBUG] 2018-10-02 12:45:00 [AWT-EventQueue-0] employs, 306 - Создание окна приложения
[DEBUG] 2018-10-02 12:45:00 [AWT-EventQueue-0] employs, 312 - Создание кнопок и прикрепление иконок
[DEBUG] 2018-10-02 12:45:00 [AWT-EventQueue-0] employs, 328 - Добавление кнопок на панель инструментов
[DEBUG] 2018-10-02 12:45:00 [AWT-EventQueue-0] employs, 337 - Размещение панели инструментов
[DEBUG] 2018-10-02 12:45:00 [AWT-EventQueue-0] employs, 341 - Создание таблицы с данными
[DEBUG] 2018-10-02 12:45:00 [AWT-EventQueue-0] employs, 371 - Подготовка компонентов поиска
[DEBUG] 2018-10-02 12:45:00 [AWT-EventQueue-0] employs, 396 - Старт Add listener
[DEBUG] 2018-10-02 12:45:02 [AWT-EventQueue-0] AddDialog, 28 - Старт метода init
[WARN ] 2018-10-02 12:45:18 [AWT-EventQueue-0] employs, 434 - Закрытие приложения
[WARN ] 2018-10-02 12:53:21 [AWT-EventQueue-0] employs, 305 - Старт App.show
[DEBUG] 2018-10-02 12:53:21 [AWT-EventQueue-0] employs, 306 - Создание окна приложения
[DEBUG] 2018-10-02 12:53:21 [AWT-EventQueue-0] employs, 312 - Создание кнопок и прикрепление иконок
[DEBUG] 2018-10-02 12:53:21 [AWT-EventQueue-0] employs, 328 - Добавление кнопок на панель инструментов
[DEBUG] 2018-10-02 12:53:21 [AWT-EventQueue-0] employs, 337 - Размещение панели инструментов
[DEBUG] 2018-10-02 12:53:21 [AWT-EventQueue-0] employs, 341 - Создание таблицы с данными
[DEBUG] 2018-10-02 12:53:21 [AWT-EventQueue-0] employs, 371 - Подготовка компонентов поиска
[DEBUG] 2018-10-02 12:53:21 [AWT-EventQueue-0] employs, 396 - Старт Add listener
[WARN ] 2018-10-02 12:53:30 [AWT-EventQueue-0] employs, 537 - Старт Folder listener
[DEBUG] 2018-10-02 12:53:34 [AWT-EventQueue-0] employs, 465 - Старт Edit listener
[INFO ] 2018-10-02 12:53:34 [AWT-EventQueue-0] employs, 468 - Ожидание завершения 1 потока
[DEBUG] 2018-10-02 12:53:42 [Thread-4] EditDialog, 29 - Старт метода Init
[WARN ] 2018-10-02 12:53:55 [AWT-EventQueue-0] employs, 434 - Закрытие приложения
[WARN ] 2018-10-02 12:56:03 [AWT-EventQueue-0] employs, 305 - Старт App.show
[DEBUG] 2018-10-02 12:56:03 [AWT-EventQueue-0] employs, 306 - Создание окна приложения
[DEBUG] 2018-10-02 12:56:03 [AWT-EventQueue-0] employs, 312 - Создание кнопок и прикрепление иконок
[DEBUG] 2018-10-02 12:56:03 [AWT-EventQueue-0] employs, 328 - Добавление кнопок на панель инструментов
[DEBUG] 2018-10-02 12:56:03 [AWT-EventQueue-0] employs, 337 - Размещение панели инструментов
[DEBUG] 2018-10-02 12:56:03 [AWT-EventQueue-0] employs, 341 - Создание таблицы с данными
[DEBUG] 2018-10-02 12:56:03 [AWT-EventQueue-0] employs, 371 - Подготовка компонентов поиска
[DEBUG] 2018-10-02 12:56:03 [AWT-EventQueue-0] employs, 396 - Старт Add listener
[WARN ] 2018-10-02 12:56:04 [AWT-EventQueue-0] employs, 537 - Старт Folder listener
[DEBUG] 2018-10-02 12:56:12 [AWT-EventQueue-0] employs, 465 - Старт Edit listener
[INFO ] 2018-10-02 12:56:12 [AWT-EventQueue-0] employs, 468 - Ожидание завершения 1 потока
[DEBUG] 2018-10-02 12:56:15 [Thread-4] EditDialog, 29 - Старт метода Init
[WARN ] 2018-10-02 12:56:27 [AWT-EventQueue-0] employs, 434 - Закрытие приложения
[WARN ] 2018-10-02 13:02:00 [AWT-EventQueue-0] employs, 305 - Старт App.show
[DEBUG] 2018-10-02 13:02:00 [AWT-EventQueue-0] employs, 306 - Создание окна приложения
[DEBUG] 2018-10-02 13:02:00 [AWT-EventQueue-0] employs, 312 - Создание кнопок и прикрепление иконок
[DEBUG] 2018-10-02 13:02:00 [AWT-EventQueue-0] employs, 328 - Добавление кнопок на панель инструментов
[DEBUG] 2018-10-02 13:02:00 [AWT-EventQueue-0] employs, 337 - Размещение панели инструментов
[DEBUG] 2018-10-02 13:02:00 [AWT-EventQueue-0] employs, 341 - Создание таблицы с данными
[DEBUG] 2018-10-02 13:02:00 [AWT-EventQueue-0] employs, 371 - Подготовка компонентов поиска
[DEBUG] 2018-10-02 13:02:01 [AWT-EventQueue-0] employs, 396 - Старт Add listener
[WARN ] 2018-10-02 13:02:02 [AWT-EventQueue-0] employs, 537 - Старт Folder listener
[DEBUG] 2018-10-02 13:02:09 [AWT-EventQueue-0] employs, 465 - Старт Edit listener
[INFO ] 2018-10-02 13:02:09 [AWT-EventQueue-0] employs, 468 - Ожидание завершения 1 потока
[DEBUG] 2018-10-02 13:02:12 [Thread-4] EditDialog, 29 - Старт метода Init
[WARN ] 2018-10-02 13:02:16 [AWT-EventQueue-0] employs, 434 - Закрытие приложения
[WARN ] 2018-10-02 13:04:18 [AWT-EventQueue-0] employs, 305 - Старт App.show
[DEBUG] 2018-10-02 13:04:18 [AWT-EventQueue-0] employs, 306 - Создание окна приложения
[DEBUG] 2018-10-02 13:04:18 [AWT-EventQueue-0] employs, 312 - Создание кнопок и прикрепление иконок
[DEBUG] 2018-10-02 13:04:18 [AWT-EventQueue-0] employs, 328 - Добавление кнопок на панель инструментов
[DEBUG] 2018-10-02 13:04:18 [AWT-EventQueue-0] employs, 337 - Размещение панели инструментов
[DEBUG] 2018-10-02 13:04:18 [AWT-EventQueue-0] employs, 341 - Создание таблицы с данными
[DEBUG] 2018-10-02 13:04:18 [AWT-EventQueue-0] employs, 371 - Подготовка компонентов поиска
[DEBUG] 2018-10-02 13:04:18 [AWT-EventQueue-0] employs, 396 - Старт Add listener
[WARN ] 2018-10-02 13:04:19 [AWT-EventQueue-0] employs, 537 - Старт Folder listener
[DEBUG] 2018-10-02 13:04:23 [AWT-EventQueue-0] employs, 465 - Старт Edit listener
[INFO ] 2018-10-02 13:04:23 [AWT-EventQueue-0] employs, 468 - Ожидание завершения 1 потока
[DEBUG] 2018-10-02 13:04:29 [Thread-4] EditDialog, 29 - Старт метода Init
[WARN ] 2018-10-02 13:04:41 [AWT-EventQueue-0] employs, 434 - Закрытие приложения
[WARN ] 2018-10-02 13:06:06 [AWT-EventQueue-0] employs, 305 - Старт App.show
[DEBUG] 2018-10-02 13:06:06 [AWT-EventQueue-0] employs, 306 - Создание окна приложения
[DEBUG] 2018-10-02 13:06:06 [AWT-EventQueue-0] employs, 312 - Создание кнопок и прикрепление иконок
[DEBUG] 2018-10-02 13:06:06 [AWT-EventQueue-0] employs, 328 - Добавление кнопок на панель инструментов
[DEBUG] 2018-10-02 13:06:06 [AWT-EventQueue-0] employs, 337 - Размещение панели инструментов
[DEBUG] 2018-10-02 13:06:06 [AWT-EventQueue-0] employs, 341 - Создание таблицы с данными
[DEBUG] 2018-10-02 13:06:06 [AWT-EventQueue-0] employs, 371 - Подготовка компонентов поиска
[DEBUG] 2018-10-02 13:06:06 [AWT-EventQueue-0] employs, 396 - Старт Add listener
[DEBUG] 2018-10-02 13:06:07 [AWT-EventQueue-0] AddDialog, 28 - Старт метода init
[DEBUG] 2018-10-02 13:06:17 [AWT-EventQueue-0] AddDialog, 17 - Старт метода progress
[WARN ] 2018-10-02 13:06:17 [AWT-EventQueue-0] AddDialog, 20 - Попытка добавить запись  Ла Ку Ри
[INFO ] 2018-10-02 13:06:17 [AWT-EventQueue-0] AddDialog, 22 - Добавлена запись  Ла Ку Ри
[DEBUG] 2018-10-02 13:06:20 [AWT-EventQueue-0] employs, 404 - Старт Delete listener
[WARN ] 2018-10-02 13:06:21 [AWT-EventQueue-0] employs, 434 - Закрытие приложения
[WARN ] 2018-10-02 13:45:08 [AWT-EventQueue-0] employs, 305 - Старт App.show
[DEBUG] 2018-10-02 13:45:08 [AWT-EventQueue-0] employs, 306 - Создание окна приложения
[DEBUG] 2018-10-02 13:45:08 [AWT-EventQueue-0] employs, 312 - Создание кнопок и прикрепление иконок
[DEBUG] 2018-10-02 13:45:08 [AWT-EventQueue-0] employs, 328 - Добавление кнопок на панель инструментов
[DEBUG] 2018-10-02 13:45:08 [AWT-EventQueue-0] employs, 337 - Размещение панели инструментов
[DEBUG] 2018-10-02 13:45:08 [AWT-EventQueue-0] employs, 341 - Создание таблицы с данными
[DEBUG] 2018-10-02 13:45:08 [AWT-EventQueue-0] employs, 371 - Подготовка компонентов поиска
[DEBUG] 2018-10-02 13:45:08 [AWT-EventQueue-0] employs, 396 - Старт Add listener
[WARN ] 2018-10-02 13:45:09 [AWT-EventQueue-0] employs, 434 - Закрытие приложения
[WARN ] 2018-10-02 13:45:16 [AWT-EventQueue-0] employs, 305 - Старт App.show
[DEBUG] 2018-10-02 13:45:16 [AWT-EventQueue-0] employs, 306 - Создание окна приложения
[DEBUG] 2018-10-02 13:45:16 [AWT-EventQueue-0] employs, 312 - Создание кнопок и прикрепление иконок
[DEBUG] 2018-10-02 13:45:16 [AWT-EventQueue-0] employs, 328 - Добавление кнопок на панель инструментов
[DEBUG] 2018-10-02 13:45:16 [AWT-EventQueue-0] employs, 337 - Размещение панели инструментов
[DEBUG] 2018-10-02 13:45:16 [AWT-EventQueue-0] employs, 341 - Создание таблицы с данными
[DEBUG] 2018-10-02 13:45:16 [AWT-EventQueue-0] employs, 371 - Подготовка компонентов поиска
[DEBUG] 2018-10-02 13:45:16 [AWT-EventQueue-0] employs, 396 - Старт Add listener
[WARN ] 2018-10-02 13:45:20 [AWT-EventQueue-0] employs, 434 - Закрытие приложения
[WARN ] 2018-10-03 23:32:13 [AWT-EventQueue-0] employs, 305 - Старт App.show
[DEBUG] 2018-10-03 23:32:13 [AWT-EventQueue-0] employs, 306 - Создание окна приложения
[DEBUG] 2018-10-03 23:32:13 [AWT-EventQueue-0] employs, 312 - Создание кнопок и прикрепление иконок
[DEBUG] 2018-10-03 23:32:13 [AWT-EventQueue-0] employs, 328 - Добавление кнопок на панель инструментов
[DEBUG] 2018-10-03 23:32:13 [AWT-EventQueue-0] employs, 337 - Размещение панели инструментов
[DEBUG] 2018-10-03 23:32:13 [AWT-EventQueue-0] employs, 341 - Создание таблицы с данными
[DEBUG] 2018-10-03 23:32:13 [AWT-EventQueue-0] employs, 371 - Подготовка компонентов поиска
[DEBUG] 2018-10-03 23:32:13 [AWT-EventQueue-0] employs, 396 - Старт Add listener
[WARN ] 2018-10-03 23:32:14 [AWT-EventQueue-0] employs, 434 - Закрытие приложения
[WARN ] 2018-10-04 00:06:46 [AWT-EventQueue-0] employs, 305 - Старт App.show
[DEBUG] 2018-10-04 00:06:46 [AWT-EventQueue-0] employs, 306 - Создание окна приложения
[DEBUG] 2018-10-04 00:06:46 [AWT-EventQueue-0] employs, 312 - Создание кнопок и прикрепление иконок
[DEBUG] 2018-10-04 00:06:46 [AWT-EventQueue-0] employs, 328 - Добавление кнопок на панель инструментов
[DEBUG] 2018-10-04 00:06:46 [AWT-EventQueue-0] employs, 337 - Размещение панели инструментов
[DEBUG] 2018-10-04 00:06:46 [AWT-EventQueue-0] employs, 341 - Создание таблицы с данными
[DEBUG] 2018-10-04 00:06:46 [AWT-EventQueue-0] employs, 371 - Подготовка компонентов поиска
[DEBUG] 2018-10-04 00:06:46 [AWT-EventQueue-0] employs, 396 - Старт Add listener
[WARN ] 2018-10-04 00:06:48 [AWT-EventQueue-0] employs, 537 - Старт Folder listener
[DEBUG] 2018-10-04 00:06:53 [AWT-EventQueue-0] employs, 465 - Старт Edit listener
[INFO ] 2018-10-04 00:06:53 [AWT-EventQueue-0] employs, 468 - Ожидание завершения 1 потока
[DEBUG] 2018-10-04 00:07:01 [Thread-8] EditDialog, 29 - Старт метода Init
[DEBUG] 2018-10-04 00:07:17 [AWT-EventQueue-0] employs, 404 - Старт Delete listener
[DEBUG] 2018-10-04 00:07:19 [AWT-EventQueue-0] AddDialog, 28 - Старт метода init
[DEBUG] 2018-10-04 00:07:34 [AWT-EventQueue-0] AddDialog, 17 - Старт метода progress
[WARN ] 2018-10-04 00:07:34 [AWT-EventQueue-0] AddDialog, 20 - Попытка добавить запись  Петров Алексей Продавец
[INFO ] 2018-10-04 00:07:34 [AWT-EventQueue-0] AddDialog, 22 - Добавлена запись  Петров Алексей Продавец
[DEBUG] 2018-10-04 00:07:41 [AWT-EventQueue-0] employs, 563 - Запуск нового поиска по ключевому слову: алексей
[DEBUG] 2018-10-04 00:07:45 [AWT-EventQueue-0] employs, 404 - Старт Delete listener
[DEBUG] 2018-10-04 00:07:47 [AWT-EventQueue-0] employs, 565 - Сброс ключевого слова поиска
[WARN ] 2018-10-04 00:07:50 [AWT-EventQueue-0] employs, 434 - Закрытие приложения
[WARN ] 2018-10-04 00:13:47 [AWT-EventQueue-0] employs, 305 - Старт App.show
[DEBUG] 2018-10-04 00:13:47 [AWT-EventQueue-0] employs, 306 - Создание окна приложения
[DEBUG] 2018-10-04 00:13:47 [AWT-EventQueue-0] employs, 312 - Создание кнопок и прикрепление иконок
[DEBUG] 2018-10-04 00:13:47 [AWT-EventQueue-0] employs, 328 - Добавление кнопок на панель инструментов
[DEBUG] 2018-10-04 00:13:47 [AWT-EventQueue-0] employs, 337 - Размещение панели инструментов
[DEBUG] 2018-10-04 00:13:47 [AWT-EventQueue-0] employs, 341 - Создание таблицы с данными
[DEBUG] 2018-10-04 00:13:47 [AWT-EventQueue-0] employs, 371 - Подготовка компонентов поиска
[DEBUG] 2018-10-04 00:13:47 [AWT-EventQueue-0] employs, 396 - Старт Add listener
[WARN ] 2018-10-04 00:13:49 [AWT-EventQueue-0] employs, 434 - Закрытие приложения
[WARN ] 2018-10-04 00:18:38 [AWT-EventQueue-0] employs, 305 - Старт App.show
[DEBUG] 2018-10-04 00:18:38 [AWT-EventQueue-0] employs, 306 - Создание окна приложения
[DEBUG] 2018-10-04 00:18:38 [AWT-EventQueue-0] employs, 312 - Создание кнопок и прикрепление иконок
[DEBUG] 2018-10-04 00:18:38 [AWT-EventQueue-0] employs, 328 - Добавление кнопок на панель инструментов
[DEBUG] 2018-10-04 00:18:38 [AWT-EventQueue-0] employs, 337 - Размещение панели инструментов
[DEBUG] 2018-10-04 00:18:38 [AWT-EventQueue-0] employs, 341 - Создание таблицы с данными
[DEBUG] 2018-10-04 00:18:38 [AWT-EventQueue-0] employs, 371 - Подготовка компонентов поиска
[DEBUG] 2018-10-04 00:18:38 [AWT-EventQueue-0] employs, 396 - Старт Add listener
[WARN ] 2018-10-04 00:18:40 [AWT-EventQueue-0] employs, 537 - Старт Folder listener
[DEBUG] 2018-10-04 00:18:49 [AWT-EventQueue-0] employs, 563 - Запуск нового поиска по ключевому слову: зимако
[DEBUG] 2018-10-04 00:18:51 [AWT-EventQueue-0] employs, 563 - Запуск нового поиска по ключевому слову: зимако
[DEBUG] 2018-10-04 00:19:02 [AWT-EventQueue-0] employs, 465 - Старт Edit listener
[DEBUG] 2018-10-04 00:19:05 [Thread-8] EditDialog, 29 - Старт метода Init
[WARN ] 2018-10-04 00:19:16 [AWT-EventQueue-0] employs, 434 - Закрытие приложения
[WARN ] 2018-10-04 00:59:26 [AWT-EventQueue-0] employs, 305 - Старт App.show
[DEBUG] 2018-10-04 00:59:26 [AWT-EventQueue-0] employs, 306 - Создание окна приложения
[DEBUG] 2018-10-04 00:59:26 [AWT-EventQueue-0] employs, 312 - Создание кнопок и прикрепление иконок
[DEBUG] 2018-10-04 00:59:26 [AWT-EventQueue-0] employs, 328 - Добавление кнопок на панель инструментов
[DEBUG] 2018-10-04 00:59:26 [AWT-EventQueue-0] employs, 337 - Размещение панели инструментов
[DEBUG] 2018-10-04 00:59:26 [AWT-EventQueue-0] employs, 341 - Создание таблицы с данными
[DEBUG] 2018-10-04 00:59:27 [AWT-EventQueue-0] employs, 371 - Подготовка компонентов поиска
[DEBUG] 2018-10-04 00:59:27 [AWT-EventQueue-0] employs, 396 - Старт Add listener
[WARN ] 2018-10-04 00:59:29 [AWT-EventQueue-0] employs, 537 - Старт Folder listener
[DEBUG] 2018-10-04 00:59:41 [AWT-EventQueue-0] employs, 565 - Сброс ключевого слова поиска
[WARN ] 2018-10-04 00:59:50 [AWT-EventQueue-0] employs, 434 - Закрытие приложения
[WARN ] 2018-10-20 20:03:13 [AWT-EventQueue-0] employs, 302 - Старт App.show
[DEBUG] 2018-10-20 20:03:13 [AWT-EventQueue-0] employs, 303 - Создание окна приложения
[DEBUG] 2018-10-20 20:03:13 [AWT-EventQueue-0] employs, 309 - Создание кнопок и прикрепление иконок
[DEBUG] 2018-10-20 20:03:13 [AWT-EventQueue-0] employs, 325 - Добавление кнопок на панель инструментов
[DEBUG] 2018-10-20 20:03:13 [AWT-EventQueue-0] employs, 334 - Размещение панели инструментов
[DEBUG] 2018-10-20 20:03:13 [AWT-EventQueue-0] employs, 338 - Создание таблицы с данными
[DEBUG] 2018-10-20 20:03:13 [AWT-EventQueue-0] employs, 368 - Подготовка компонентов поиска
[DEBUG] 2018-10-20 20:03:13 [AWT-EventQueue-0] employs, 393 - Старт Add listener
[WARN ] 2018-10-20 20:03:16 [AWT-EventQueue-0] employs, 534 - Старт Folder listener
[DEBUG] 2018-10-20 20:03:28 [AWT-EventQueue-0] employs, 462 - Старт Edit listener
[DEBUG] 2018-10-20 20:03:29 [Thread-4] EditDialogEmploy, 29 - Старт метода Init
[DEBUG] 2018-10-20 20:03:31 [AWT-EventQueue-0] EditDialogEmploy, 15 - Старт метода progress
[WARN ] 2018-10-20 20:03:31 [AWT-EventQueue-0] EditDialogEmploy, 18 - Попытка изменить запись Лазарев Сергей Директор
[INFO ] 2018-10-20 20:03:31 [AWT-EventQueue-0] EditDialogEmploy, 22 - Заменена на Лазарев Сергей Директор
[DEBUG] 2018-10-20 20:03:38 [AWT-EventQueue-0] employs, 500 - Старт Save listener
[WARN ] 2018-10-20 20:04:05 [AWT-EventQueue-0] employs, 431 - Закрытие приложения
[WARN ] 2018-10-20 20:06:15 [AWT-EventQueue-0] employs, 302 - Старт App.show
[DEBUG] 2018-10-20 20:06:15 [AWT-EventQueue-0] employs, 303 - Создание окна приложения
[DEBUG] 2018-10-20 20:06:15 [AWT-EventQueue-0] employs, 309 - Создание кнопок и прикрепление иконок
[DEBUG] 2018-10-20 20:06:15 [AWT-EventQueue-0] employs, 325 - Добавление кнопок на панель инструментов
[DEBUG] 2018-10-20 20:06:15 [AWT-EventQueue-0] employs, 334 - Размещение панели инструментов
[DEBUG] 2018-10-20 20:06:15 [AWT-EventQueue-0] employs, 338 - Создание таблицы с данными
[DEBUG] 2018-10-20 20:06:15 [AWT-EventQueue-0] employs, 368 - Подготовка компонентов поиска
[DEBUG] 2018-10-20 20:06:16 [AWT-EventQueue-0] employs, 393 - Старт Add listener
[WARN ] 2018-10-20 20:06:17 [AWT-EventQueue-0] employs, 534 - Старт Folder listener
[DEBUG] 2018-10-20 20:06:22 [AWT-EventQueue-0] employs, 462 - Старт Edit listener
[INFO ] 2018-10-20 20:06:22 [AWT-EventQueue-0] employs, 465 - Ожидание завершения 1 потока
[DEBUG] 2018-10-20 20:06:30 [Thread-4] EditDialogEmploy, 29 - Старт метода Init
[DEBUG] 2018-10-20 20:06:31 [AWT-EventQueue-0] EditDialogEmploy, 15 - Старт метода progress
[WARN ] 2018-10-20 20:06:31 [AWT-EventQueue-0] EditDialogEmploy, 18 - Попытка изменить запись Лазарев Сергей Директор
[INFO ] 2018-10-20 20:06:31 [AWT-EventQueue-0] EditDialogEmploy, 22 - Заменена на Лазарев Сергей Директор
[DEBUG] 2018-10-20 20:06:33 [AWT-EventQueue-0] employs, 500 - Старт Save listener
[WARN ] 2018-10-20 20:06:48 [AWT-EventQueue-0] employs, 431 - Закрытие приложения
[WARN ] 2018-10-21 23:03:22 [AWT-EventQueue-0] employs, 302 - Старт App.show
[DEBUG] 2018-10-21 23:03:22 [AWT-EventQueue-0] employs, 303 - Создание окна приложения
[DEBUG] 2018-10-21 23:03:22 [AWT-EventQueue-0] employs, 309 - Создание кнопок и прикрепление иконок
[DEBUG] 2018-10-21 23:03:22 [AWT-EventQueue-0] employs, 325 - Добавление кнопок на панель инструментов
[DEBUG] 2018-10-21 23:03:22 [AWT-EventQueue-0] employs, 334 - Размещение панели инструментов
[DEBUG] 2018-10-21 23:03:22 [AWT-EventQueue-0] employs, 338 - Создание таблицы с данными
[DEBUG] 2018-10-21 23:03:22 [AWT-EventQueue-0] employs, 368 - Подготовка компонентов поиска
[DEBUG] 2018-10-21 23:03:22 [AWT-EventQueue-0] employs, 393 - Старт Add listener
[WARN ] 2018-10-21 23:03:39 [AWT-EventQueue-0] employs, 534 - Старт Folder listener
[DEBUG] 2018-10-21 23:03:45 [AWT-EventQueue-0] employs, 462 - Старт Edit listener
[INFO ] 2018-10-21 23:03:45 [AWT-EventQueue-0] employs, 465 - Ожидание завершения 1 потока
[DEBUG] 2018-10-21 23:03:53 [Thread-4] EditDialogEmploy, 29 - Старт метода Init
[DEBUG] 2018-10-21 23:03:54 [AWT-EventQueue-0] EditDialogEmploy, 15 - Старт метода progress
[WARN ] 2018-10-21 23:03:54 [AWT-EventQueue-0] EditDialogEmploy, 18 - Попытка изменить запись Лазарев Сергей Директор
[INFO ] 2018-10-21 23:03:54 [AWT-EventQueue-0] EditDialogEmploy, 22 - Заменена на Лазарев Сергей Директор
[DEBUG] 2018-10-21 23:03:57 [AWT-EventQueue-0] employs, 500 - Старт Save listener
[WARN ] 2018-10-21 23:04:40 [AWT-EventQueue-0] employs, 431 - Закрытие приложения
[WARN ] 2018-10-21 23:09:05 [AWT-EventQueue-0] employs, 302 - Старт App.show
[DEBUG] 2018-10-21 23:09:05 [AWT-EventQueue-0] employs, 303 - Создание окна приложения
[DEBUG] 2018-10-21 23:09:05 [AWT-EventQueue-0] employs, 309 - Создание кнопок и прикрепление иконок
[DEBUG] 2018-10-21 23:09:05 [AWT-EventQueue-0] employs, 325 - Добавление кнопок на панель инструментов
[DEBUG] 2018-10-21 23:09:05 [AWT-EventQueue-0] employs, 334 - Размещение панели инструментов
[DEBUG] 2018-10-21 23:09:05 [AWT-EventQueue-0] employs, 338 - Создание таблицы с данными
[DEBUG] 2018-10-21 23:09:05 [AWT-EventQueue-0] employs, 368 - Подготовка компонентов поиска
[DEBUG] 2018-10-21 23:09:05 [AWT-EventQueue-0] employs, 393 - Старт Add listener
[WARN ] 2018-10-21 23:10:28 [AWT-EventQueue-0] employs, 534 - Старт Folder listener
[DEBUG] 2018-10-21 23:10:32 [AWT-EventQueue-0] employs, 462 - Старт Edit listener
[INFO ] 2018-10-21 23:10:32 [AWT-EventQueue-0] employs, 465 - Ожидание завершения 1 потока
[DEBUG] 2018-10-21 23:10:40 [Thread-4] EditDialogEmploy, 29 - Старт метода Init
[DEBUG] 2018-10-21 23:10:42 [AWT-EventQueue-0] EditDialogEmploy, 15 - Старт метода progress
[WARN ] 2018-10-21 23:10:42 [AWT-EventQueue-0] EditDialogEmploy, 18 - Попытка изменить запись Лазарев Сергей Директор
[INFO ] 2018-10-21 23:10:42 [AWT-EventQueue-0] EditDialogEmploy, 22 - Заменена на Лазарев Сергей Директор
[DEBUG] 2018-10-21 23:10:45 [AWT-EventQueue-0] employs, 500 - Старт Save listener
[WARN ] 2018-10-21 23:12:06 [AWT-EventQueue-0] employs, 431 - Закрытие приложения
[WARN ] 2018-10-27 01:06:50 [AWT-EventQueue-0] employs, 302 - Старт App.show
[DEBUG] 2018-10-27 01:06:50 [AWT-EventQueue-0] employs, 303 - Создание окна приложения
[DEBUG] 2018-10-27 01:06:50 [AWT-EventQueue-0] employs, 309 - Создание кнопок и прикрепление иконок
[DEBUG] 2018-10-27 01:06:50 [AWT-EventQueue-0] employs, 325 - Добавление кнопок на панель инструментов
[DEBUG] 2018-10-27 01:06:50 [AWT-EventQueue-0] employs, 334 - Размещение панели инструментов
[DEBUG] 2018-10-27 01:06:50 [AWT-EventQueue-0] employs, 338 - Создание таблицы с данными
[DEBUG] 2018-10-27 01:06:50 [AWT-EventQueue-0] employs, 368 - Подготовка компонентов поиска
[DEBUG] 2018-10-27 01:06:51 [AWT-EventQueue-0] employs, 393 - Старт Add listener
[WARN ] 2018-10-27 01:06:57 [AWT-EventQueue-0] employs, 534 - Старт Folder listener
[DEBUG] 2018-10-27 01:07:02 [AWT-EventQueue-0] employs, 500 - Старт Save listener
[WARN ] 2018-10-27 01:12:24 [AWT-EventQueue-0] employs, 431 - Закрытие приложения
[WARN ] 2018-10-27 01:13:32 [AWT-EventQueue-0] employs, 302 - Старт App.show
[DEBUG] 2018-10-27 01:13:32 [AWT-EventQueue-0] employs, 303 - Создание окна приложения
[DEBUG] 2018-10-27 01:13:32 [AWT-EventQueue-0] employs, 309 - Создание кнопок и прикрепление иконок
[DEBUG] 2018-10-27 01:13:32 [AWT-EventQueue-0] employs, 325 - Добавление кнопок на панель инструментов
[DEBUG] 2018-10-27 01:13:32 [AWT-EventQueue-0] employs, 334 - Размещение панели инструментов
[DEBUG] 2018-10-27 01:13:32 [AWT-EventQueue-0] employs, 338 - Создание таблицы с данными
[DEBUG] 2018-10-27 01:13:32 [AWT-EventQueue-0] employs, 368 - Подготовка компонентов поиска
[DEBUG] 2018-10-27 01:13:32 [AWT-EventQueue-0] employs, 393 - Старт Add listener
[WARN ] 2018-10-27 01:13:33 [AWT-EventQueue-0] employs, 534 - Старт Folder listener
[DEBUG] 2018-10-27 01:13:37 [AWT-EventQueue-0] employs, 462 - Старт Edit listener
[INFO ] 2018-10-27 01:13:37 [AWT-EventQueue-0] employs, 465 - Ожидание завершения 1 потока
[DEBUG] 2018-10-27 01:13:40 [Thread-4] EditDialogEmploy, 29 - Старт метода Init
[WARN ] 2018-10-27 01:13:51 [AWT-EventQueue-0] employs, 431 - Закрытие приложения
[WARN ] 2018-10-27 01:14:20 [AWT-EventQueue-0] employs, 302 - Старт App.show
[DEBUG] 2018-10-27 01:14:20 [AWT-EventQueue-0] employs, 303 - Создание окна приложения
[DEBUG] 2018-10-27 01:14:20 [AWT-EventQueue-0] employs, 309 - Создание кнопок и прикрепление иконок
[DEBUG] 2018-10-27 01:14:20 [AWT-EventQueue-0] employs, 325 - Добавление кнопок на панель инструментов
[DEBUG] 2018-10-27 01:14:20 [AWT-EventQueue-0] employs, 334 - Размещение панели инструментов
[DEBUG] 2018-10-27 01:14:20 [AWT-EventQueue-0] employs, 338 - Создание таблицы с данными
[DEBUG] 2018-10-27 01:14:20 [AWT-EventQueue-0] employs, 368 - Подготовка компонентов поиска
[DEBUG] 2018-10-27 01:14:20 [AWT-EventQueue-0] employs, 393 - Старт Add listener
[WARN ] 2018-10-27 01:14:22 [AWT-EventQueue-0] employs, 534 - Старт Folder listener
[DEBUG] 2018-10-27 01:14:25 [AWT-EventQueue-0] employs, 462 - Старт Edit listener
[INFO ] 2018-10-27 01:14:25 [AWT-EventQueue-0] employs, 465 - Ожидание завершения 1 потока
[DEBUG] 2018-10-27 01:14:26 [Thread-4] EditDialogEmploy, 29 - Старт метода Init
[DEBUG] 2018-10-27 01:14:26 [AWT-EventQueue-0] EditDialogEmploy, 15 - Старт метода progress
[WARN ] 2018-10-27 01:14:26 [AWT-EventQueue-0] EditDialogEmploy, 18 - Попытка изменить запись Лазарев Сергей Директор
[INFO ] 2018-10-27 01:14:26 [AWT-EventQueue-0] EditDialogEmploy, 22 - Заменена на Лазарев Сергей Директор
[WARN ] 2018-10-27 01:14:46 [AWT-EventQueue-0] employs, 431 - Закрытие приложения
[WARN ] 2018-10-27 01:14:50 [AWT-EventQueue-0] employs, 302 - Старт App.show
[DEBUG] 2018-10-27 01:14:50 [AWT-EventQueue-0] employs, 303 - Создание окна приложения
[DEBUG] 2018-10-27 01:14:50 [AWT-EventQueue-0] employs, 309 - Создание кнопок и прикрепление иконок
[DEBUG] 2018-10-27 01:14:50 [AWT-EventQueue-0] employs, 325 - Добавление кнопок на панель инструментов
[DEBUG] 2018-10-27 01:14:50 [AWT-EventQueue-0] employs, 334 - Размещение панели инструментов
[DEBUG] 2018-10-27 01:14:50 [AWT-EventQueue-0] employs, 338 - Создание таблицы с данными
[DEBUG] 2018-10-27 01:14:50 [AWT-EventQueue-0] employs, 368 - Подготовка компонентов поиска
[DEBUG] 2018-10-27 01:14:50 [AWT-EventQueue-0] employs, 393 - Старт Add listener
[WARN ] 2018-10-27 01:14:51 [AWT-EventQueue-0] employs, 534 - Старт Folder listener
[DEBUG] 2018-10-27 01:15:03 [AWT-EventQueue-0] employs, 462 - Старт Edit listener
[INFO ] 2018-10-27 01:15:03 [AWT-EventQueue-0] employs, 465 - Ожидание завершения 1 потока
[DEBUG] 2018-10-27 01:15:04 [Thread-9] EditDialogEmploy, 29 - Старт метода Init
[DEBUG] 2018-10-27 01:15:05 [AWT-EventQueue-0] EditDialogEmploy, 15 - Старт метода progress
[WARN ] 2018-10-27 01:15:05 [AWT-EventQueue-0] EditDialogEmploy, 18 - Попытка изменить запись Лазарев Сергей Директор
[INFO ] 2018-10-27 01:15:05 [AWT-EventQueue-0] EditDialogEmploy, 22 - Заменена на Лазарев Сергей Директор
[DEBUG] 2018-10-27 01:15:07 [AWT-EventQueue-0] employs, 500 - Старт Save listener
[WARN ] 2018-10-27 01:19:19 [AWT-EventQueue-0] employs, 431 - Закрытие приложения
[WARN ] 2018-10-27 01:21:22 [AWT-EventQueue-0] employs, 302 - Старт App.show
[DEBUG] 2018-10-27 01:21:22 [AWT-EventQueue-0] employs, 303 - Создание окна приложения
[DEBUG] 2018-10-27 01:21:22 [AWT-EventQueue-0] employs, 309 - Создание кнопок и прикрепление иконок
[DEBUG] 2018-10-27 01:21:22 [AWT-EventQueue-0] employs, 325 - Добавление кнопок на панель инструментов
[DEBUG] 2018-10-27 01:21:22 [AWT-EventQueue-0] employs, 334 - Размещение панели инструментов
[DEBUG] 2018-10-27 01:21:22 [AWT-EventQueue-0] employs, 338 - Создание таблицы с данными
[DEBUG] 2018-10-27 01:21:22 [AWT-EventQueue-0] employs, 368 - Подготовка компонентов поиска
[DEBUG] 2018-10-27 01:21:22 [AWT-EventQueue-0] employs, 393 - Старт Add listener
[WARN ] 2018-10-27 01:21:23 [AWT-EventQueue-0] employs, 535 - Старт Folder listener
[DEBUG] 2018-10-27 01:21:27 [AWT-EventQueue-0] employs, 462 - Старт Edit listener
[INFO ] 2018-10-27 01:21:27 [AWT-EventQueue-0] employs, 466 - Ожидание завершения 1 потока
[DEBUG] 2018-10-27 01:21:32 [Thread-4] EditDialogEmploy, 29 - Старт метода Init
[WARN ] 2018-10-27 01:21:36 [AWT-EventQueue-0] employs, 431 - Закрытие приложения
[WARN ] 2018-10-27 01:22:02 [AWT-EventQueue-0] employs, 302 - Старт App.show
[DEBUG] 2018-10-27 01:22:02 [AWT-EventQueue-0] employs, 303 - Создание окна приложения
[DEBUG] 2018-10-27 01:22:02 [AWT-EventQueue-0] employs, 309 - Создание кнопок и прикрепление иконок
[DEBUG] 2018-10-27 01:22:02 [AWT-EventQueue-0] employs, 325 - Добавление кнопок на панель инструментов
[DEBUG] 2018-10-27 01:22:02 [AWT-EventQueue-0] employs, 334 - Размещение панели инструментов
[DEBUG] 2018-10-27 01:22:02 [AWT-EventQueue-0] employs, 338 - Создание таблицы с данными
[DEBUG] 2018-10-27 01:22:02 [AWT-EventQueue-0] employs, 368 - Подготовка компонентов поиска
[DEBUG] 2018-10-27 01:22:02 [AWT-EventQueue-0] employs, 393 - Старт Add listener
[WARN ] 2018-10-27 01:22:03 [AWT-EventQueue-0] employs, 535 - Старт Folder listener
[DEBUG] 2018-10-27 01:22:06 [AWT-EventQueue-0] employs, 462 - Старт Edit listener
[INFO ] 2018-10-27 01:22:06 [AWT-EventQueue-0] employs, 466 - Ожидание завершения 1 потока
[DEBUG] 2018-10-27 01:22:11 [Thread-4] EditDialogEmploy, 29 - Старт метода Init
[WARN ] 2018-10-27 01:22:16 [AWT-EventQueue-0] employs, 431 - Закрытие приложения
[WARN ] 2018-10-27 01:38:42 [AWT-EventQueue-0] employs, 302 - Старт App.show
[DEBUG] 2018-10-27 01:38:42 [AWT-EventQueue-0] employs, 303 - Создание окна приложения
[DEBUG] 2018-10-27 01:38:42 [AWT-EventQueue-0] employs, 309 - Создание кнопок и прикрепление иконок
[DEBUG] 2018-10-27 01:38:42 [AWT-EventQueue-0] employs, 325 - Добавление кнопок на панель инструментов
[DEBUG] 2018-10-27 01:38:42 [AWT-EventQueue-0] employs, 334 - Размещение панели инструментов
[DEBUG] 2018-10-27 01:38:42 [AWT-EventQueue-0] employs, 338 - Создание таблицы с данными
[DEBUG] 2018-10-27 01:38:43 [AWT-EventQueue-0] employs, 368 - Подготовка компонентов поиска
[DEBUG] 2018-10-27 01:38:43 [AWT-EventQueue-0] employs, 393 - Старт Add listener
[WARN ] 2018-10-27 01:40:42 [AWT-EventQueue-0] employs, 534 - Старт Folder listener
[DEBUG] 2018-10-27 01:40:46 [AWT-EventQueue-0] employs, 462 - Старт Edit listener
[INFO ] 2018-10-27 01:40:46 [AWT-EventQueue-0] employs, 465 - Ожидание завершения 1 потока
[DEBUG] 2018-10-27 01:40:54 [Thread-4] EditDialogEmploy, 29 - Старт метода Init
[WARN ] 2018-10-27 01:41:31 [AWT-EventQueue-0] employs, 431 - Закрытие приложения
[WARN ] 2018-10-27 01:41:33 [AWT-EventQueue-0] employs, 302 - Старт App.show
[DEBUG] 2018-10-27 01:41:33 [AWT-EventQueue-0] employs, 303 - Создание окна приложения
[DEBUG] 2018-10-27 01:41:33 [AWT-EventQueue-0] employs, 309 - Создание кнопок и прикрепление иконок
[DEBUG] 2018-10-27 01:41:33 [AWT-EventQueue-0] employs, 325 - Добавление кнопок на панель инструментов
[DEBUG] 2018-10-27 01:41:33 [AWT-EventQueue-0] employs, 334 - Размещение панели инструментов
[DEBUG] 2018-10-27 01:41:33 [AWT-EventQueue-0] employs, 338 - Создание таблицы с данными
[DEBUG] 2018-10-27 01:41:33 [AWT-EventQueue-0] employs, 368 - Подготовка компонентов поиска
[DEBUG] 2018-10-27 01:41:33 [AWT-EventQueue-0] employs, 393 - Старт Add listener
[WARN ] 2018-10-27 01:41:37 [AWT-EventQueue-0] employs, 534 - Старт Folder listener
[DEBUG] 2018-10-27 01:41:41 [AWT-EventQueue-0] employs, 462 - Старт Edit listener
[INFO ] 2018-10-27 01:41:41 [AWT-EventQueue-0] employs, 465 - Ожидание завершения 1 потока
[DEBUG] 2018-10-27 01:41:50 [Thread-9] EditDialogEmploy, 29 - Старт метода Init
[WARN ] 2018-10-27 01:43:58 [AWT-EventQueue-0] employs, 431 - Закрытие приложения
[WARN ] 2018-10-27 13:08:16 [AWT-EventQueue-0] employs, 302 - Старт App.show
[DEBUG] 2018-10-27 13:08:16 [AWT-EventQueue-0] employs, 303 - Создание окна приложения
[DEBUG] 2018-10-27 13:08:16 [AWT-EventQueue-0] employs, 309 - Создание кнопок и прикрепление иконок
[DEBUG] 2018-10-27 13:08:16 [AWT-EventQueue-0] employs, 325 - Добавление кнопок на панель инструментов
[DEBUG] 2018-10-27 13:08:16 [AWT-EventQueue-0] employs, 334 - Размещение панели инструментов
[DEBUG] 2018-10-27 13:08:16 [AWT-EventQueue-0] employs, 338 - Создание таблицы с данными
[DEBUG] 2018-10-27 13:08:16 [AWT-EventQueue-0] employs, 368 - Подготовка компонентов поиска
[DEBUG] 2018-10-27 13:08:16 [AWT-EventQueue-0] employs, 393 - Старт Add listener
[WARN ] 2018-10-27 13:08:17 [AWT-EventQueue-0] employs, 534 - Старт Folder listener
[DEBUG] 2018-10-27 13:08:20 [AWT-EventQueue-0] employs, 462 - Старт Edit listener
[INFO ] 2018-10-27 13:08:20 [AWT-EventQueue-0] employs, 465 - Ожидание завершения 1 потока
[DEBUG] 2018-10-27 13:08:26 [Thread-4] EditDialogEmploy, 29 - Старт метода Init
[WARN ] 2018-10-27 13:08:30 [AWT-EventQueue-0] employs, 431 - Закрытие приложения
[WARN ] 2018-10-27 13:09:51 [AWT-EventQueue-0] employs, 302 - Старт App.show
[DEBUG] 2018-10-27 13:09:51 [AWT-EventQueue-0] employs, 303 - Создание окна приложения
[DEBUG] 2018-10-27 13:09:51 [AWT-EventQueue-0] employs, 309 - Создание кнопок и прикрепление иконок
[DEBUG] 2018-10-27 13:09:51 [AWT-EventQueue-0] employs, 325 - Добавление кнопок на панель инструментов
[DEBUG] 2018-10-27 13:09:51 [AWT-EventQueue-0] employs, 334 - Размещение панели инструментов
[DEBUG] 2018-10-27 13:09:51 [AWT-EventQueue-0] employs, 338 - Создание таблицы с данными
[DEBUG] 2018-10-27 13:09:51 [AWT-EventQueue-0] employs, 368 - Подготовка компонентов поиска
[DEBUG] 2018-10-27 13:09:51 [AWT-EventQueue-0] employs, 393 - Старт Add listener
[WARN ] 2018-10-27 13:09:52 [AWT-EventQueue-0] employs, 534 - Старт Folder listener
[DEBUG] 2018-10-27 13:09:55 [AWT-EventQueue-0] employs, 462 - Старт Edit listener
[INFO ] 2018-10-27 13:09:55 [AWT-EventQueue-0] employs, 465 - Ожидание завершения 1 потока
[DEBUG] 2018-10-27 13:10:00 [AWT-EventQueue-0] employs, 500 - Старт Save listener
[DEBUG] 2018-10-27 13:10:00 [Thread-4] EditDialogEmploy, 29 - Старт метода Init
[WARN ] 2018-10-27 13:10:23 [AWT-EventQueue-0] employs, 431 - Закрытие приложения
[WARN ] 2018-10-27 13:20:27 [AWT-EventQueue-0] employs, 302 - Старт App.show
[DEBUG] 2018-10-27 13:20:27 [AWT-EventQueue-0] employs, 303 - Создание окна приложения
[DEBUG] 2018-10-27 13:20:27 [AWT-EventQueue-0] employs, 309 - Создание кнопок и прикрепление иконок
[DEBUG] 2018-10-27 13:20:27 [AWT-EventQueue-0] employs, 325 - Добавление кнопок на панель инструментов
[DEBUG] 2018-10-27 13:20:27 [AWT-EventQueue-0] employs, 334 - Размещение панели инструментов
[DEBUG] 2018-10-27 13:20:27 [AWT-EventQueue-0] employs, 338 - Создание таблицы с данными
[DEBUG] 2018-10-27 13:20:27 [AWT-EventQueue-0] employs, 368 - Подготовка компонентов поиска
[DEBUG] 2018-10-27 13:20:27 [AWT-EventQueue-0] employs, 393 - Старт Add listener
[WARN ] 2018-10-27 13:20:28 [AWT-EventQueue-0] employs, 535 - Старт Folder listener
[DEBUG] 2018-10-27 13:20:32 [AWT-EventQueue-0] employs, 462 - Старт Edit listener
[INFO ] 2018-10-27 13:20:32 [AWT-EventQueue-0] employs, 465 - Ожидание завершения 1 потока
[WARN ] 2018-10-27 13:20:39 [AWT-EventQueue-0] employs, 431 - Закрытие приложения
[WARN ] 2018-10-27 13:43:49 [AWT-EventQueue-0] employs, 302 - Старт App.show
[DEBUG] 2018-10-27 13:43:49 [AWT-EventQueue-0] employs, 303 - Создание окна приложения
[DEBUG] 2018-10-27 13:43:49 [AWT-EventQueue-0] employs, 309 - Создание кнопок и прикрепление иконок
[DEBUG] 2018-10-27 13:43:49 [AWT-EventQueue-0] employs, 325 - Добавление кнопок на панель инструментов
[DEBUG] 2018-10-27 13:43:49 [AWT-EventQueue-0] employs, 334 - Размещение панели инструментов
[DEBUG] 2018-10-27 13:43:49 [AWT-EventQueue-0] employs, 338 - Создание таблицы с данными
[DEBUG] 2018-10-27 13:43:49 [AWT-EventQueue-0] employs, 368 - Подготовка компонентов поиска
[DEBUG] 2018-10-27 13:43:49 [AWT-EventQueue-0] employs, 393 - Старт Add listener
[WARN ] 2018-10-27 13:43:50 [AWT-EventQueue-0] employs, 535 - Старт Folder listener
[DEBUG] 2018-10-27 13:43:53 [AWT-EventQueue-0] employs, 462 - Старт Edit listener
[INFO ] 2018-10-27 13:43:53 [Thread-4] employs, 466 - Ожидание завершения 1 потока
[DEBUG] 2018-10-27 13:44:05 [Thread-4] EditDialogEmploy, 29 - Старт метода Init
[WARN ] 2018-10-27 13:46:08 [AWT-EventQueue-0] employs, 431 - Закрытие приложения
[WARN ] 2018-10-27 13:46:24 [AWT-EventQueue-0] employs, 302 - Старт App.show
[DEBUG] 2018-10-27 13:46:24 [AWT-EventQueue-0] employs, 303 - Создание окна приложения
[DEBUG] 2018-10-27 13:46:24 [AWT-EventQueue-0] employs, 309 - Создание кнопок и прикрепление иконок
[DEBUG] 2018-10-27 13:46:24 [AWT-EventQueue-0] employs, 325 - Добавление кнопок на панель инструментов
[DEBUG] 2018-10-27 13:46:24 [AWT-EventQueue-0] employs, 334 - Размещение панели инструментов
[DEBUG] 2018-10-27 13:46:24 [AWT-EventQueue-0] employs, 338 - Создание таблицы с данными
[DEBUG] 2018-10-27 13:46:24 [AWT-EventQueue-0] employs, 368 - Подготовка компонентов поиска
[DEBUG] 2018-10-27 13:46:24 [AWT-EventQueue-0] employs, 393 - Старт Add listener
[WARN ] 2018-10-27 13:46:32 [AWT-EventQueue-0] employs, 535 - Старт Folder listener
[DEBUG] 2018-10-27 13:46:39 [AWT-EventQueue-0] employs, 462 - Старт Edit listener
[INFO ] 2018-10-27 13:46:39 [Thread-4] employs, 466 - Ожидание завершения 1 потока
[DEBUG] 2018-10-27 13:46:49 [Thread-4] EditDialogEmploy, 29 - Старт метода Init
[WARN ] 2018-10-27 13:46:55 [AWT-EventQueue-0] employs, 431 - Закрытие приложения
